# Server version 0.08 running on XT-PeeCee:8123
# Game ID: 142
# Board class: hus.HusBoard
# Timeout: 2000
# First Move Timeout: 30000
# Date: Tue Apr 05 19:05:53 EDT 2016
# Player 1: Player-0, '260638099', running on 127.0.0.1
# Player 2: Player-1, 'MK7Randomized+danger', running on 127.0.0.1
START Player-0 260638099
START Player-1 MK7Randomized+danger
PIT 0 1
PIT 1 23
PIT 0 16
PIT 1 19
PIT 0 7
PIT 1 4
PIT 0 2
PIT 1 17
PIT 0 24
PIT 1 16
PIT 0 0
PIT 1 20
PIT 0 13
PIT 1 25
PIT 0 18
PIT 1 7
GAMEOVER WINNER 1
# Game ended: Tue Apr 05 19:05:54 EDT 2016
