# Server version 0.08 running on XT-PeeCee:8123
# Game ID: 113
# Board class: hus.HusBoard
# Timeout: 2000
# First Move Timeout: 30000
# Date: Mon Apr 04 21:35:26 EDT 2016
# Player 1: Player-0, '260638099', running on 127.0.0.1
# Player 2: Player-1, 'MK7', running on 127.0.0.1
START Player-0 260638099
START Player-1 MK7
PIT 0 7
PIT 1 12
PIT 0 23
PIT 1 15
PIT 0 8
PIT 1 13
PIT 0 10
PIT 1 21
PIT 0 15
PIT 1 17
PIT 0 23
PIT 1 19
PIT 0 17
PIT 1 25
PIT 0 18
PIT 1 18
PIT 0 0
PIT 1 20
PIT 0 1
PIT 1 10
PIT 0 3
PIT 1 3
GAMEOVER WINNER 1
# Game ended: Mon Apr 04 21:35:33 EDT 2016
