# Server version 0.08 running on XT-PeeCee:8123
# Game ID: 66
# Board class: hus.HusBoard
# Timeout: 2000
# First Move Timeout: 30000
# Date: Mon Apr 04 01:38:00 EDT 2016
# Player 1: Player-0, '260640319', running on XT-PeeCee
# Player 2: Player-1, 'RandomHusPlayer', running on XT-PeeCee
START Player-0 260640319
START Player-1 RandomHusPlayer
PIT 0 0
PIT 1 23
PIT 0 15
PIT 1 12
PIT 0 25
PIT 1 20
PIT 0 26
PIT 1 19
PIT 0 13
PIT 1 23
PIT 0 12
PIT 1 21
PIT 0 14
PIT 1 25
PIT 0 16
PIT 1 10
PIT 0 7
PIT 1 28
PIT 0 10
PIT 1 26
PIT 0 7
GAMEOVER WINNER 0
# Game ended: Mon Apr 04 01:38:01 EDT 2016
