# Server version 0.08 running on XT-PeeCee:8123
# Game ID: 357
# Board class: hus.HusBoard
# Timeout: 2000
# First Move Timeout: 30000
# Date: Thu Apr 07 22:20:28 EDT 2016
# Player 1: Player-0, 'MKXI+iterative', running on 127.0.0.1
# Player 2: Player-1, 'MK7NoRandom', running on 127.0.0.1
START Player-0 MKXI+iterative
START Player-1 MK7NoRandom
PIT 0 0
PIT 1 1
PIT 0 4
PIT 1 10
PIT 0 1
PIT 1 5
PIT 0 3
PIT 1 20
PIT 0 10
PIT 1 11
PIT 0 5
PIT 1 24
GAMEOVER DISCONNECTION Player-1 WINNER 0
# Game ended: Thu Apr 07 22:21:10 EDT 2016
