# Server version 0.08 running on XT-PeeCee:8123
# Game ID: 88
# Board class: hus.HusBoard
# Timeout: 2000
# First Move Timeout: 30000
# Date: Mon Apr 04 16:50:23 EDT 2016
# Player 1: Player-0, '260640319', running on 127.0.0.1
# Player 2: Player-1, 'RandomHusPlayer', running on 127.0.0.1
START Player-0 260640319
START Player-1 RandomHusPlayer
PIT 0 22
PIT 1 18
PIT 0 21
PIT 1 13
PIT 0 20
PIT 1 2
PIT 0 13
PIT 1 17
PIT 0 14
PIT 1 3
PIT 0 22
PIT 1 0
PIT 0 1
PIT 1 7
PIT 0 2
PIT 1 1
PIT 0 5
PIT 1 5
PIT 0 0
PIT 1 2
PIT 0 1
PIT 1 3
PIT 0 2
PIT 1 4
PIT 0 5
PIT 1 7
PIT 0 1
PIT 1 8
PIT 0 21
PIT 1 10
PIT 0 2
PIT 1 5
PIT 0 1
GAMEOVER WINNER 0
# Game ended: Mon Apr 04 16:50:23 EDT 2016
