# Server version 0.08 running on XT-PeeCee:8123
# Game ID: 298
# Board class: hus.HusBoard
# Timeout: 2000
# First Move Timeout: 30000
# Date: Thu Apr 07 19:51:46 EDT 2016
# Player 1: Player-0, 'Iterative +  Improved heuristics', running on 127.0.0.1
# Player 2: Player-1, 'MK7NoRandom-Better Heuristics', running on 127.0.0.1
START Player-0 Iterative +  Improved heuristics
START Player-1 MK7NoRandom-Better Heuristics
PIT 0 5
PIT 1 21
PIT 0 0
PIT 1 20
PIT 0 11
PIT 1 26
PIT 0 8
PIT 1 27
PIT 0 4
PIT 1 8
PIT 0 18
PIT 1 6
PIT 0 1
PIT 1 9
PIT 0 5
PIT 1 0
PIT 0 21
PIT 1 7
PIT 0 3
PIT 1 8
PIT 0 6
PIT 1 14
PIT 0 4
PIT 1 0
PIT 0 5
PIT 1 1
PIT 0 10
PIT 1 3
PIT 0 11
PIT 1 4
PIT 0 12
PIT 1 0
PIT 0 6
PIT 1 5
PIT 0 15
PIT 1 28
PIT 0 16
PIT 1 9
PIT 0 17
PIT 1 3
PIT 0 18
PIT 1 6
PIT 0 20
PIT 1 9
GAMEOVER WINNER 1
# Game ended: Thu Apr 07 19:52:57 EDT 2016
