# Server version 0.08 running on XT-PeeCee:8123
# Game ID: 301
# Board class: hus.HusBoard
# Timeout: 2000
# First Move Timeout: 30000
# Date: Thu Apr 07 20:29:10 EDT 2016
# Player 1: Player-0, 'MK7NoRandom-Better Heuristics', running on 127.0.0.1
# Player 2: Player-1, 'Iterative +  Improved heuristics', running on 127.0.0.1
START Player-0 MK7NoRandom-Better Heuristics
START Player-1 Iterative +  Improved heuristics
PIT 0 21
PIT 1 4
PIT 0 19
PIT 1 3
PIT 0 6
PIT 1 17
PIT 0 24
PIT 1 13
PIT 0 22
PIT 1 14
PIT 0 28
PIT 1 2
PIT 0 18
GAMEOVER TIMEOUT WINNER 0
# Game ended: Thu Apr 07 20:29:52 EDT 2016
