# Server version 0.08 running on XT-PeeCee:8123
# Game ID: 293
# Board class: hus.HusBoard
# Timeout: 2000
# First Move Timeout: 30000
# Date: Thu Apr 07 19:41:01 EDT 2016
# Player 1: Player-0, 'MK7NoRandom-Better Heuristics', running on 127.0.0.1
# Player 2: Player-1, 'Iterative +  vanilla', running on 127.0.0.1
START Player-0 MK7NoRandom-Better Heuristics
START Player-1 Iterative +  vanilla
PIT 0 21
PIT 1 21
PIT 0 11
PIT 1 4
PIT 0 14
PIT 1 11
PIT 0 10
PIT 1 0
PIT 0 27
PIT 1 10
PIT 0 0
PIT 1 3
PIT 0 16
PIT 1 4
PIT 0 21
PIT 1 17
PIT 0 0
PIT 1 18
PIT 0 1
PIT 1 1
PIT 0 10
GAMEOVER WINNER 0
# Game ended: Thu Apr 07 19:41:51 EDT 2016
