# Server version 0.08 running on XT-PeeCee:8123
# Game ID: 117
# Board class: hus.HusBoard
# Timeout: 2000
# First Move Timeout: 30000
# Date: Mon Apr 04 21:37:53 EDT 2016
# Player 1: Player-0, '260638099', running on 127.0.0.1
# Player 2: Player-1, 'MK7', running on 127.0.0.1
START Player-0 260638099
START Player-1 MK7
PIT 0 3
PIT 1 1
PIT 0 10
PIT 1 16
PIT 0 4
PIT 1 7
PIT 0 12
PIT 1 5
PIT 0 15
PIT 1 11
PIT 0 25
PIT 1 14
PIT 0 19
PIT 1 24
PIT 0 28
PIT 1 16
PIT 0 1
PIT 1 19
PIT 0 2
PIT 1 22
PIT 0 16
PIT 1 25
PIT 0 30
PIT 1 4
PIT 0 31
PIT 1 31
PIT 0 8
PIT 1 16
PIT 0 9
PIT 1 0
PIT 0 10
PIT 1 1
PIT 0 11
PIT 1 2
PIT 0 14
PIT 1 22
GAMEOVER WINNER 1
# Game ended: Mon Apr 04 21:37:57 EDT 2016
