# Server version 0.08 running on XT-PeeCee:8123
# Game ID: 115
# Board class: hus.HusBoard
# Timeout: 2000
# First Move Timeout: 30000
# Date: Mon Apr 04 21:36:05 EDT 2016
# Player 1: Player-0, '260638099', running on 127.0.0.1
# Player 2: Player-1, 'MK7', running on 127.0.0.1
START Player-0 260638099
START Player-1 MK7
PIT 0 14
PIT 1 22
PIT 0 13
PIT 1 4
PIT 0 4
PIT 1 24
PIT 0 2
PIT 1 16
PIT 0 14
PIT 1 8
PIT 0 0
PIT 1 17
PIT 0 1
PIT 1 9
PIT 0 2
PIT 1 1
PIT 0 3
PIT 1 11
PIT 0 4
PIT 1 0
PIT 0 5
PIT 1 12
PIT 0 6
PIT 1 1
PIT 0 7
PIT 1 2
PIT 0 9
PIT 1 3
PIT 0 12
PIT 1 4
PIT 0 11
PIT 1 0
PIT 0 13
PIT 1 3
PIT 0 15
PIT 1 27
PIT 0 18
PIT 1 15
PIT 0 20
PIT 1 22
GAMEOVER WINNER 1
# Game ended: Mon Apr 04 21:36:09 EDT 2016
