# Server version 0.08 running on XT-PeeCee:8123
# Game ID: 79
# Board class: hus.HusBoard
# Timeout: 2000
# First Move Timeout: 30000
# Date: Mon Apr 04 16:46:35 EDT 2016
# Player 1: Player-0, '260640319', running on 127.0.0.1
# Player 2: Player-1, 'RandomHusPlayer', running on 127.0.0.1
START Player-0 260640319
START Player-1 RandomHusPlayer
PIT 0 22
PIT 1 11
PIT 0 15
PIT 1 5
PIT 0 9
PIT 1 21
PIT 0 0
PIT 1 17
PIT 0 6
PIT 1 0
PIT 0 22
PIT 1 22
PIT 0 24
PIT 1 10
PIT 0 19
PIT 1 14
PIT 0 21
PIT 1 9
PIT 0 25
PIT 1 27
PIT 0 1
PIT 1 4
PIT 0 5
PIT 1 1
PIT 0 1
PIT 1 12
PIT 0 22
GAMEOVER WINNER 0
# Game ended: Mon Apr 04 16:47:01 EDT 2016
