# Server version 0.08 running on XT-PeeCee:8123
# Game ID: 233
# Board class: hus.HusBoard
# Timeout: 2000
# First Move Timeout: 30000
# Date: Wed Apr 06 21:45:13 EDT 2016
# Player 1: Player-0, 'MK7No_Randomized_no_danger', running on 127.0.0.1
# Player 2: Player-1, 'MKX_No_Randomized_+Danger+21+Timer', running on 127.0.0.1
START Player-0 MK7No_Randomized_no_danger
START Player-1 MKX_No_Randomized_+Danger+21+Timer
PIT 0 21
PIT 1 11
PIT 0 11
PIT 1 1
PIT 0 1
PIT 1 14
PIT 0 20
PIT 1 9
PIT 0 18
PIT 1 4
PIT 0 25
PIT 1 23
PIT 0 24
PIT 1 25
PIT 0 16
GAMEOVER DISCONNECTION Player-1 WINNER 0
# Game ended: Wed Apr 06 21:45:37 EDT 2016
