# Server version 0.08 running on XT-PeeCee:8123
# Game ID: 124
# Board class: hus.HusBoard
# Timeout: 2000
# First Move Timeout: 30000
# Date: Mon Apr 04 21:41:44 EDT 2016
# Player 1: Player-0, '260638099', running on 127.0.0.1
# Player 2: Player-1, 'MK7', running on 127.0.0.1
START Player-0 260638099
START Player-1 MK7
PIT 0 10
PIT 1 22
PIT 0 20
PIT 1 0
PIT 0 22
PIT 1 15
PIT 0 14
PIT 1 16
PIT 0 5
PIT 1 6
PIT 0 11
PIT 1 20
PIT 0 19
PIT 1 23
PIT 0 22
PIT 1 13
PIT 0 12
PIT 1 3
GAMEOVER WINNER 1
# Game ended: Mon Apr 04 21:41:48 EDT 2016
