# Server version 0.08 running on XT-PeeCee:8123
# Game ID: 266
# Board class: hus.HusBoard
# Timeout: 2000
# First Move Timeout: 30000
# Date: Thu Apr 07 18:22:50 EDT 2016
# Player 1: Player-0, 'MKXI+iterative', running on 127.0.0.1
# Player 2: Player-1, 'MK7NoRandom', running on 127.0.0.1
START Player-0 MKXI+iterative
START Player-1 MK7NoRandom
PIT 0 0
PIT 1 1
PIT 0 4
PIT 1 10
PIT 0 21
PIT 1 16
PIT 0 12
PIT 1 11
PIT 0 10
PIT 1 17
PIT 0 24
PIT 1 18
PIT 0 18
PIT 1 14
GAMEOVER DISCONNECTION Player-0 WINNER 1
# Game ended: Thu Apr 07 18:23:33 EDT 2016
