# Server version 0.08 running on XT-PeeCee:8123
# Game ID: 126
# Board class: hus.HusBoard
# Timeout: 2000
# First Move Timeout: 30000
# Date: Mon Apr 04 21:44:14 EDT 2016
# Player 1: Player-0, '260638099', running on 127.0.0.1
# Player 2: Player-1, 'MK3', running on 127.0.0.1
START Player-0 260638099
START Player-1 MK3
PIT 0 23
PIT 1 6
PIT 0 18
PIT 1 15
PIT 0 13
PIT 1 10
PIT 0 16
PIT 1 16
PIT 0 2
PIT 1 18
PIT 0 1
PIT 1 24
PIT 0 0
PIT 1 10
PIT 0 8
PIT 1 1
PIT 0 12
PIT 1 22
PIT 0 5
PIT 1 3
GAMEOVER WINNER 1
# Game ended: Mon Apr 04 21:44:14 EDT 2016
