# Server version 0.08 running on XT-PeeCee:8123
# Game ID: 300
# Board class: hus.HusBoard
# Timeout: 2000
# First Move Timeout: 30000
# Date: Thu Apr 07 20:23:24 EDT 2016
# Player 1: Player-0, 'MK7NoRandom-Better Heuristics', running on 127.0.0.1
# Player 2: Player-1, 'Iterative +  Improved heuristics', running on 127.0.0.1
START Player-0 MK7NoRandom-Better Heuristics
START Player-1 Iterative +  Improved heuristics
PIT 0 21
PIT 1 18
PIT 0 1
PIT 1 22
PIT 0 17
PIT 1 16
PIT 0 16
PIT 1 11
PIT 0 7
PIT 1 0
PIT 0 4
GAMEOVER TIMEOUT WINNER 0
# Game ended: Thu Apr 07 20:24:06 EDT 2016
