# Server version 0.08 running on XT-PeeCee:8123
# Game ID: 296
# Board class: hus.HusBoard
# Timeout: 2000
# First Move Timeout: 30000
# Date: Thu Apr 07 19:48:02 EDT 2016
# Player 1: Player-0, 'Iterative +  vanilla', running on 127.0.0.1
# Player 2: Player-1, 'MK7NoRandom-Better Heuristics', running on 127.0.0.1
START Player-0 Iterative +  vanilla
START Player-1 MK7NoRandom-Better Heuristics
PIT 0 4
PIT 1 23
PIT 0 22
PIT 1 19
PIT 0 13
PIT 1 25
PIT 0 10
PIT 1 7
PIT 0 1
PIT 1 21
PIT 0 2
PIT 1 0
PIT 0 0
PIT 1 1
PIT 0 4
PIT 1 4
PIT 0 7
PIT 1 2
PIT 0 8
PIT 1 3
PIT 0 9
PIT 1 0
PIT 0 10
PIT 1 15
PIT 0 14
PIT 1 30
PIT 0 17
PIT 1 0
GAMEOVER WINNER 1
# Game ended: Thu Apr 07 19:48:59 EDT 2016
