# Server version 0.08 running on XT-PeeCee:8123
# Game ID: 69
# Board class: hus.HusBoard
# Timeout: 2000
# First Move Timeout: 30000
# Date: Mon Apr 04 01:38:29 EDT 2016
# Player 1: Player-0, '260640319', running on XT-PeeCee
# Player 2: Player-1, 'RandomHusPlayer', running on XT-PeeCee
START Player-0 260640319
START Player-1 RandomHusPlayer
PIT 0 0
PIT 1 17
PIT 0 12
PIT 1 14
PIT 0 6
PIT 1 1
PIT 0 25
PIT 1 23
PIT 0 10
PIT 1 4
PIT 0 15
PIT 1 2
PIT 0 16
PIT 1 18
PIT 0 19
PIT 1 28
PIT 0 18
PIT 1 19
PIT 0 20
PIT 1 20
PIT 0 22
PIT 1 27
PIT 0 31
PIT 1 21
PIT 0 12
PIT 1 23
GAMEOVER ILLEGAL MOVE: Player 0 plays pit 14 WINNER 1
# Game ended: Mon Apr 04 01:38:30 EDT 2016
